Erweiterung »Dia Input«: Laden fehlgeschlagen, da eine Abhängigkeit nicht aufgelöst werden konnte.
Abhängigkeit:
  Typ: executable
  Speicherort: Pfad
  Zeichenkette: dia
  Beschreibung: Um Dia-Dateien zu importieren, muss Dia selbst installiert sein. Sie können Dia von http://live.gnome.org/Dia herunterladen.

Erweiterung »DXF Output«: Laden fehlgeschlagen, da eine Abhängigkeit nicht aufgelöst werden konnte.
Abhängigkeit:
  Typ: executable
  Speicherort: Pfad
  Zeichenkette: pstoedit
  Beschreibung: pstoedit muss installiert sein, um diese Funktion nutzen zu können. Siehe http://www.pstoedit.net/pstoedit

Erweiterung »EPS Input«: Laden fehlgeschlagen, da eine Abhängigkeit nicht aufgelöst werden konnte.
Abhängigkeit:
  Typ: executable
  Speicherort: Pfad
  Zeichenkette: ps2pdf

Erweiterung »LaTeX«: Laden fehlgeschlagen, da eine Abhängigkeit nicht aufgelöst werden konnte.
Abhängigkeit:
  Typ: executable
  Speicherort: Pfad
  Zeichenkette: latex

Erweiterung »LaTeX«: Laden fehlgeschlagen, da eine Abhängigkeit nicht aufgelöst werden konnte.
Abhängigkeit:
  Typ: executable
  Speicherort: Pfad
  Zeichenkette: dvips

Erweiterung »LaTeX«: Laden fehlgeschlagen, da eine Abhängigkeit nicht aufgelöst werden konnte.
Abhängigkeit:
  Typ: executable
  Speicherort: Pfad
  Zeichenkette: pstoedit

Erweiterung »XFIG Input«: Laden fehlgeschlagen, da eine Abhängigkeit nicht aufgelöst werden konnte.
Abhängigkeit:
  Typ: executable
  Speicherort: Pfad
  Zeichenkette: fig2dev

Erweiterung »Win32 Vector Print«: Laden fehlgeschlagen, da Die Erweiterung ist nur für Windows entwickelt. Dies wurde durch eine fehlerhafte .inx Datei dieser Erweiterung verursacht. Eine fehlerhafte .inx Datei kann Folge einer Fehlinstallation von Inkscape sein.
Erweiterung »PostScript Input«: Laden fehlgeschlagen, da eine Abhängigkeit nicht aufgelöst werden konnte.
Abhängigkeit:
  Typ: executable
  Speicherort: Pfad
  Zeichenkette: ps2pdf

Erweiterung »Sketch Input«: Laden fehlgeschlagen, da eine Abhängigkeit nicht aufgelöst werden konnte.
Abhängigkeit:
  Typ: executable
  Speicherort: Pfad
  Zeichenkette: skconvert

